[31/May/2024:06:58:03 +0000] GET / 200 - - 17.311 ms
[31/May/2024:06:58:03 +0000] GET /css/style.css 200 853 - 7.048 ms
[31/May/2024:06:58:03 +0000] GET /images/logo-coelhojs.svg 200 48905 - 2.204 ms
[31/May/2024:06:58:03 +0000] GET /favicon.ico 200 330 - 18.150 ms
[31/May/2024:09:03:21 +0000] GET / 200 - - 12.868 ms
[31/May/2024:09:03:21 +0000] GET /css/style.css 200 853 - 5.899 ms
[31/May/2024:09:03:21 +0000] GET /images/logo-coelhojs.svg 200 48905 - 2.546 ms
[31/May/2024:09:03:21 +0000] GET /favicon.ico - - - - ms
[31/May/2024:09:39:06 +0000] GET / 200 - - 12.471 ms
[31/May/2024:09:39:06 +0000] GET /css/style.css 200 853 - 5.182 ms
[31/May/2024:09:39:06 +0000] GET /images/logo-coelhojs.svg 304 - - 2.142 ms
[31/May/2024:09:39:06 +0000] GET /favicon.ico - - - - ms
[31/May/2024:09:58:51 +0000] GET /v1/projects 200 330 - 10.184 ms
[31/May/2024:10:02:31 +0000] GET /v1/project 200 - - 37.813 ms
[31/May/2024:10:06:05 +0000] GET /v1/task 200 - - 33.425 ms
[31/May/2024:10:09:24 +0000] GET /v1/user 200 - - 15.917 ms
[31/May/2024:10:13:26 +0000] GET / 200 330 - 6.704 ms
[31/May/2024:10:13:26 +0000] GET /css/style.css 304 - - 3.348 ms
[31/May/2024:12:50:50 +0000] OPTIONS /v1/projects 200 0 - 3.809 ms
[31/May/2024:12:50:50 +0000] GET /v1/projects 200 330 - 12.107 ms
[31/May/2024:12:51:06 +0000] OPTIONS /v1/projects 200 0 - 0.259 ms
[31/May/2024:12:51:06 +0000] GET /v1/projects 304 - - 3.999 ms
[31/May/2024:12:51:11 +0000] OPTIONS /v1/projects 200 0 - 0.234 ms
[31/May/2024:12:51:11 +0000] GET /v1/projects 304 - - 58.380 ms
[31/May/2024:12:52:51 +0000] OPTIONS /v1/projects 200 0 - 0.428 ms
[31/May/2024:12:52:51 +0000] GET /v1/projects 304 - - 2.293 ms
[31/May/2024:12:55:44 +0000] OPTIONS /v1/project 200 0 - 0.301 ms
[31/May/2024:12:55:45 +0000] GET /v1/project 200 - - 28.302 ms
[31/May/2024:12:56:00 +0000] OPTIONS /v1/projects/2 200 0 - 0.323 ms
[31/May/2024:12:56:00 +0000] GET /v1/projects/2 200 330 - 2.405 ms
[31/May/2024:12:56:06 +0000] OPTIONS /v1/project 200 0 - 0.296 ms
[31/May/2024:12:56:06 +0000] GET /v1/project 304 - - 12.881 ms
[31/May/2024:12:56:11 +0000] GET /v1/project 304 - - 8.656 ms
[31/May/2024:12:56:12 +0000] OPTIONS /v1/projects/6 200 0 - 0.254 ms
[31/May/2024:12:56:12 +0000] GET /v1/projects/6 200 330 - 2.138 ms
[31/May/2024:12:56:40 +0000] OPTIONS /v1/projects/6 200 0 - 0.329 ms
[31/May/2024:12:56:40 +0000] GET /v1/projects/6 304 - - 2.111 ms
[31/May/2024:12:57:44 +0000] OPTIONS /v1/project/6 200 0 - 0.272 ms
[31/May/2024:12:57:44 +0000] GET /v1/project/6 200 213 - 16.205 ms
[31/May/2024:12:57:45 +0000] OPTIONS /v1/task 200 0 - 0.245 ms
[31/May/2024:12:57:45 +0000] GET /v1/task 200 - - 14.395 ms
[31/May/2024:12:57:58 +0000] OPTIONS /v1/project/6 200 0 - 0.276 ms
[31/May/2024:12:57:58 +0000] PUT /v1/project/6 200 215 - 42.610 ms
[31/May/2024:12:57:58 +0000] OPTIONS /v1/project 200 0 - 0.240 ms
[31/May/2024:12:57:58 +0000] GET /v1/project 200 - - 6.306 ms
[31/May/2024:12:58:05 +0000] OPTIONS /v1/tasks 200 0 - 0.272 ms
[31/May/2024:12:58:05 +0000] GET /v1/tasks 200 330 - 1.759 ms
[31/May/2024:12:58:10 +0000] GET /v1/tasks 304 - - 2.182 ms
[31/May/2024:12:59:50 +0000] OPTIONS /v1/tasks 200 0 - 0.353 ms
[31/May/2024:12:59:50 +0000] GET /v1/tasks 304 - - 2.887 ms
[31/May/2024:12:59:58 +0000] OPTIONS /v1/project 200 0 - 0.237 ms
[31/May/2024:12:59:58 +0000] GET /v1/project 304 - - 10.145 ms
[31/May/2024:13:00:02 +0000] GET /v1/project 304 - - 7.068 ms
[31/May/2024:13:00:34 +0000] OPTIONS /v1/project 200 0 - 0.240 ms
[31/May/2024:13:00:34 +0000] GET /v1/project 304 - - 11.425 ms
[31/May/2024:13:00:37 +0000] GET /v1/project 304 - - 6.771 ms
[31/May/2024:13:00:43 +0000] OPTIONS /v1/project/4 200 0 - 0.656 ms
[31/May/2024:13:00:43 +0000] GET /v1/project/4 200 218 - 7.237 ms
[31/May/2024:13:00:44 +0000] OPTIONS /v1/task 200 0 - 0.196 ms
[31/May/2024:13:00:44 +0000] GET /v1/task 304 - - 7.766 ms
[31/May/2024:13:00:56 +0000] OPTIONS /v1/project/4 200 0 - 0.154 ms
[31/May/2024:13:00:56 +0000] PUT /v1/project/4 200 218 - 21.048 ms
[31/May/2024:13:00:56 +0000] OPTIONS /v1/project 200 0 - 0.409 ms
[31/May/2024:13:00:56 +0000] GET /v1/project 200 - - 9.532 ms
[31/May/2024:13:11:08 +0000] OPTIONS /v1/project 200 0 - 2.982 ms
[31/May/2024:13:11:08 +0000] GET /v1/project 200 - - 56.143 ms
[31/May/2024:13:11:31 +0000] OPTIONS /v1/project/54 200 0 - 0.325 ms
[31/May/2024:13:11:31 +0000] GET /v1/project/54 200 219 - 12.512 ms
[31/May/2024:13:11:31 +0000] OPTIONS /v1/task 200 0 - 0.278 ms
[31/May/2024:13:11:31 +0000] GET /v1/task 200 - - 11.044 ms
[31/May/2024:13:11:35 +0000] PUT /v1/project/54 200 219 - 21.246 ms
[31/May/2024:13:11:35 +0000] OPTIONS /v1/project 200 0 - 0.277 ms
[31/May/2024:13:11:35 +0000] GET /v1/project 304 - - 12.949 ms
[31/May/2024:13:11:46 +0000] OPTIONS /v1/project/2 200 0 - 0.373 ms
[31/May/2024:13:11:46 +0000] GET /v1/project/2 200 570 - 7.572 ms
[31/May/2024:13:11:46 +0000] OPTIONS /v1/task 200 0 - 0.275 ms
[31/May/2024:13:11:46 +0000] GET /v1/task 304 - - 7.609 ms
[31/May/2024:13:11:49 +0000] PUT /v1/project/2 200 492 - 4.432 ms
[31/May/2024:13:11:49 +0000] OPTIONS /v1/project 200 0 - 0.302 ms
[31/May/2024:13:11:49 +0000] GET /v1/project 304 - - 11.565 ms
[31/May/2024:13:11:55 +0000] OPTIONS /v1/tasks 200 0 - 0.262 ms
[31/May/2024:13:11:55 +0000] GET /v1/tasks 304 - - 4.713 ms
[31/May/2024:13:11:58 +0000] GET /v1/tasks 304 - - 2.765 ms
[31/May/2024:13:12:40 +0000] OPTIONS /v1/tasks 200 0 - 0.224 ms
[31/May/2024:13:12:40 +0000] GET /v1/tasks 304 - - 2.403 ms
[31/May/2024:13:12:42 +0000] GET /v1/tasks 304 - - 2.579 ms
[31/May/2024:13:13:44 +0000] OPTIONS /v1/tasks 200 0 - 0.237 ms
[31/May/2024:13:13:44 +0000] GET /v1/tasks 304 - - 2.261 ms
[31/May/2024:13:14:13 +0000] OPTIONS /v1/tasks 200 0 - 0.264 ms
[31/May/2024:13:14:13 +0000] GET /v1/tasks 304 - - 1.954 ms
[31/May/2024:13:14:53 +0000] OPTIONS /v1/tasks 200 0 - 0.288 ms
[31/May/2024:13:14:53 +0000] GET /v1/tasks 304 - - 2.028 ms
[31/May/2024:13:16:12 +0000] OPTIONS /v1/tasks 200 0 - 0.275 ms
[31/May/2024:13:16:12 +0000] GET /v1/tasks 304 - - 1.845 ms
[31/May/2024:13:16:52 +0000] OPTIONS /v1/tasks 200 0 - 0.368 ms
[31/May/2024:13:16:52 +0000] GET /v1/tasks 304 - - 1.889 ms
[31/May/2024:13:40:12 +0000] OPTIONS /v1/tasks 200 0 - 0.258 ms
[31/May/2024:13:40:12 +0000] GET /v1/tasks 304 - - 2.326 ms
[31/May/2024:13:40:35 +0000] OPTIONS /v1/tasks 200 0 - 0.237 ms
[31/May/2024:13:40:35 +0000] GET /v1/tasks 304 - - 2.082 ms
[31/May/2024:13:41:00 +0000] OPTIONS /v1/tasks 200 0 - 0.215 ms
[31/May/2024:13:41:00 +0000] GET /v1/tasks 304 - - 2.896 ms
[31/May/2024:13:41:09 +0000] OPTIONS /v1/users 200 0 - 0.331 ms
[31/May/2024:13:41:09 +0000] GET /v1/users 200 330 - 1.643 ms
[31/May/2024:13:42:01 +0000] OPTIONS /v1/task 200 0 - 0.212 ms
[31/May/2024:13:42:01 +0000] GET /v1/task 304 - - 12.139 ms
[31/May/2024:13:42:07 +0000] OPTIONS /v1/task/103 200 0 - 0.310 ms
[31/May/2024:13:42:07 +0000] GET /v1/task/103 200 451 - 6.185 ms
[31/May/2024:13:42:13 +0000] OPTIONS /v1/task 200 0 - 0.183 ms
[31/May/2024:13:42:13 +0000] GET /v1/task 304 - - 5.590 ms
[31/May/2024:13:42:40 +0000] OPTIONS /v1/users 200 0 - 0.242 ms
[31/May/2024:13:42:40 +0000] GET /v1/users 304 - - 1.577 ms
[31/May/2024:13:42:56 +0000] OPTIONS /v1/user 200 0 - 0.245 ms
[31/May/2024:13:42:56 +0000] GET /v1/user 200 - - 9.550 ms
[31/May/2024:13:43:11 +0000] OPTIONS /v1/users/23 200 0 - 0.304 ms
[31/May/2024:13:43:11 +0000] GET /v1/users/23 200 330 - 2.281 ms
[31/May/2024:13:44:20 +0000] OPTIONS /v1/users/23 200 0 - 0.242 ms
[31/May/2024:13:44:20 +0000] GET /v1/users/23 304 - - 2.005 ms
[31/May/2024:13:44:48 +0000] OPTIONS /v1/users/23 200 0 - 0.202 ms
[31/May/2024:13:44:48 +0000] GET /v1/users/23 304 - - 2.263 ms
[31/May/2024:13:46:44 +0000] OPTIONS /v1/user 200 0 - 0.218 ms
[31/May/2024:13:46:44 +0000] GET /v1/user 304 - - 7.526 ms
[31/May/2024:13:47:08 +0000] OPTIONS /v1/users/3 200 0 - 0.211 ms
[31/May/2024:13:47:08 +0000] GET /v1/users/3 200 330 - 2.467 ms
[31/May/2024:13:47:17 +0000] OPTIONS /v1/user 200 0 - 0.216 ms
[31/May/2024:13:47:17 +0000] GET /v1/user 304 - - 7.114 ms
[31/May/2024:13:47:19 +0000] OPTIONS /v1/users/5 200 0 - 0.329 ms
[31/May/2024:13:47:19 +0000] GET /v1/users/5 200 330 - 2.676 ms
[31/May/2024:13:47:41 +0000] OPTIONS /v1/users/5 200 0 - 0.369 ms
[31/May/2024:13:47:41 +0000] GET /v1/users/5 304 - - 1.988 ms
[31/May/2024:13:47:49 +0000] OPTIONS /v1/user 200 0 - 0.186 ms
[31/May/2024:13:47:49 +0000] GET /v1/user 304 - - 6.728 ms
[31/May/2024:13:47:50 +0000] OPTIONS /v1/users/4 200 0 - 0.287 ms
[31/May/2024:13:47:50 +0000] GET /v1/users/4 200 330 - 1.825 ms
[31/May/2024:13:48:01 +0000] OPTIONS /v1/users/4 200 0 - 0.193 ms
[31/May/2024:13:48:01 +0000] GET /v1/users/4 304 - - 2.842 ms
[31/May/2024:13:48:51 +0000] OPTIONS /v1/users/4 200 0 - 0.228 ms
[31/May/2024:13:48:51 +0000] GET /v1/users/4 304 - - 1.645 ms
[31/May/2024:13:49:46 +0000] OPTIONS /v1/users/4 200 0 - 0.220 ms
[31/May/2024:13:49:46 +0000] GET /v1/users/4 304 - - 3.199 ms
[31/May/2024:13:50:19 +0000] OPTIONS /v1/users/4 200 0 - 0.190 ms
[31/May/2024:13:50:19 +0000] GET /v1/users/4 304 - - 2.898 ms
[31/May/2024:13:50:30 +0000] OPTIONS /v1/user 200 0 - 0.216 ms
[31/May/2024:13:50:30 +0000] GET /v1/user 304 - - 7.058 ms
[31/May/2024:13:50:52 +0000] OPTIONS /v1/user 200 0 - 0.195 ms
[31/May/2024:13:50:52 +0000] GET /v1/user 304 - - 8.626 ms
[31/May/2024:13:50:55 +0000] OPTIONS /v1/users/5 200 0 - 0.259 ms
[31/May/2024:13:50:55 +0000] GET /v1/users/5 304 - - 3.654 ms
[31/May/2024:13:51:36 +0000] OPTIONS /v1/user 200 0 - 0.277 ms
[31/May/2024:13:51:36 +0000] GET /v1/user 304 - - 7.050 ms
[31/May/2024:13:52:44 +0000] OPTIONS /v1/user 200 0 - 0.238 ms
[31/May/2024:13:52:44 +0000] GET /v1/user 304 - - 8.460 ms
[31/May/2024:13:53:13 +0000] OPTIONS /v1/task 200 0 - 0.252 ms
[31/May/2024:13:53:13 +0000] GET /v1/task 304 - - 12.629 ms
[31/May/2024:13:54:44 +0000] OPTIONS /v1/project 200 0 - 0.353 ms
[31/May/2024:13:54:44 +0000] GET /v1/project 304 - - 21.931 ms
[31/May/2024:13:56:20 +0000] OPTIONS /v1/project 200 0 - 0.562 ms
[31/May/2024:13:56:20 +0000] GET /v1/project 304 - - 16.797 ms
[31/May/2024:13:56:22 +0000] OPTIONS /v1/task 200 0 - 0.416 ms
[31/May/2024:13:56:22 +0000] GET /v1/task 304 - - 7.123 ms
[31/May/2024:13:56:23 +0000] OPTIONS /v1/task/79 200 0 - 0.205 ms
[31/May/2024:13:56:23 +0000] GET /v1/task/79 200 371 - 4.304 ms
[31/May/2024:13:56:30 +0000] OPTIONS /v1/task 200 0 - 0.205 ms
[31/May/2024:13:56:30 +0000] GET /v1/task 304 - - 5.370 ms
[31/May/2024:13:56:39 +0000] OPTIONS /v1/user 200 0 - 0.361 ms
[31/May/2024:13:56:39 +0000] GET /v1/user 304 - - 6.513 ms
[31/May/2024:13:56:43 +0000] OPTIONS /v1/users/10 200 0 - 0.328 ms
[31/May/2024:13:56:43 +0000] GET /v1/users/10 200 330 - 3.661 ms
[31/May/2024:13:56:45 +0000] OPTIONS /v1/user 200 0 - 0.207 ms
[31/May/2024:13:56:45 +0000] GET /v1/user 304 - - 4.402 ms
[31/May/2024:13:56:47 +0000] OPTIONS /v1/task 200 0 - 0.172 ms
[31/May/2024:13:56:47 +0000] GET /v1/task 304 - - 6.419 ms
[31/May/2024:13:56:50 +0000] GET /v1/task 304 - - 7.476 ms
[31/May/2024:13:56:53 +0000] OPTIONS /v1/user 200 0 - 0.225 ms
[31/May/2024:13:56:53 +0000] GET /v1/user 304 - - 3.738 ms
[31/May/2024:13:56:58 +0000] OPTIONS /v1/task 200 0 - 0.293 ms
[31/May/2024:13:56:58 +0000] GET /v1/task 304 - - 6.908 ms
[31/May/2024:13:57:00 +0000] OPTIONS /v1/task/80 200 0 - 0.282 ms
[31/May/2024:13:57:00 +0000] GET /v1/task/80 200 522 - 3.749 ms
[31/May/2024:13:57:04 +0000] OPTIONS /v1/task 200 0 - 0.202 ms
[31/May/2024:13:57:04 +0000] GET /v1/task 304 - - 6.228 ms
[31/May/2024:14:01:02 +0000] OPTIONS /v1/project 200 0 - 0.257 ms
[31/May/2024:14:01:02 +0000] GET /v1/project 304 - - 13.847 ms
[31/May/2024:14:01:10 +0000] OPTIONS /v1/project 200 0 - 0.196 ms
[31/May/2024:14:01:10 +0000] GET /v1/project 304 - - 9.817 ms
[31/May/2024:14:03:41 +0000] OPTIONS /v1/project 200 0 - 0.247 ms
[31/May/2024:14:03:41 +0000] GET /v1/project 304 - - 16.021 ms
[31/May/2024:14:03:45 +0000] GET /v1/project 304 - - 11.577 ms
[31/May/2024:14:03:47 +0000] OPTIONS /v1/project/4 200 0 - 0.236 ms
[31/May/2024:14:03:47 +0000] GET /v1/project/4 200 218 - 4.885 ms
[31/May/2024:14:03:47 +0000] OPTIONS /v1/task 200 0 - 0.666 ms
[31/May/2024:14:03:47 +0000] GET /v1/task 304 - - 9.896 ms
[31/May/2024:14:03:55 +0000] OPTIONS /v1/project 200 0 - 0.192 ms
[31/May/2024:14:03:55 +0000] GET /v1/project 304 - - 8.903 ms
[31/May/2024:14:03:57 +0000] OPTIONS /v1/project/3 200 0 - 0.191 ms
[31/May/2024:14:03:57 +0000] GET /v1/project/3 200 425 - 3.820 ms
[31/May/2024:14:03:57 +0000] OPTIONS /v1/task 200 0 - 0.239 ms
[31/May/2024:14:03:57 +0000] GET /v1/task 304 - - 5.295 ms
[31/May/2024:14:04:04 +0000] OPTIONS /v1/project 200 0 - 0.211 ms
[31/May/2024:14:04:04 +0000] GET /v1/project 304 - - 8.631 ms
[31/May/2024:14:07:07 +0000] OPTIONS /v1/project 200 0 - 0.226 ms
[31/May/2024:14:07:07 +0000] GET /v1/project 304 - - 15.035 ms
[31/May/2024:14:07:09 +0000] OPTIONS /v1/task 200 0 - 0.196 ms
[31/May/2024:14:07:09 +0000] GET /v1/task 304 - - 5.337 ms
[31/May/2024:14:07:17 +0000] OPTIONS /v1/project 200 0 - 0.199 ms
[31/May/2024:14:07:17 +0000] GET /v1/project 304 - - 8.412 ms
[31/May/2024:14:07:20 +0000] OPTIONS /v1/project/6 200 0 - 0.213 ms
[31/May/2024:14:07:20 +0000] GET /v1/project/6 200 557 - 5.786 ms
[31/May/2024:14:07:20 +0000] OPTIONS /v1/task 200 0 - 0.236 ms
[31/May/2024:14:07:20 +0000] GET /v1/task 304 - - 5.875 ms
[31/May/2024:14:08:10 +0000] OPTIONS /v1/project 200 0 - 0.525 ms
[31/May/2024:14:08:10 +0000] GET /v1/project 304 - - 17.885 ms
[31/May/2024:14:08:52 +0000] OPTIONS /v1/task 200 0 - 0.215 ms
[31/May/2024:14:08:52 +0000] GET /v1/task 304 - - 9.719 ms
[31/May/2024:14:08:56 +0000] OPTIONS /v1/project 200 0 - 0.207 ms
[31/May/2024:14:08:56 +0000] GET /v1/project 304 - - 8.687 ms
[31/May/2024:14:08:57 +0000] OPTIONS /v1/project/6 200 0 - 0.238 ms
[31/May/2024:14:08:57 +0000] GET /v1/project/6 304 - - 3.332 ms
[31/May/2024:14:08:57 +0000] OPTIONS /v1/task 200 0 - 0.199 ms
[31/May/2024:14:08:57 +0000] GET /v1/task 304 - - 5.336 ms
[31/May/2024:14:10:09 +0000] OPTIONS /v1/project/6 200 0 - 0.232 ms
[31/May/2024:14:10:09 +0000] GET /v1/project/6 304 - - 8.110 ms
[31/May/2024:14:10:09 +0000] OPTIONS /v1/task 200 0 - 0.186 ms
[31/May/2024:14:10:09 +0000] GET /v1/task 304 - - 6.162 ms
[31/May/2024:14:10:23 +0000] OPTIONS /v1/project/6 200 0 - 0.198 ms
[31/May/2024:14:10:23 +0000] GET /v1/project/6 304 - - 6.542 ms
[31/May/2024:14:10:23 +0000] OPTIONS /v1/task 200 0 - 0.177 ms
[31/May/2024:14:10:23 +0000] GET /v1/task 304 - - 5.828 ms
[31/May/2024:14:10:26 +0000] GET /v1/project/6 304 - - 4.095 ms
[31/May/2024:14:10:26 +0000] GET /v1/task 304 - - 6.314 ms
[31/May/2024:14:10:27 +0000] GET /v1/project/6 304 - - 3.245 ms
[31/May/2024:14:10:27 +0000] GET /v1/task 304 - - 4.852 ms
[31/May/2024:14:10:35 +0000] OPTIONS /v1/project/6 200 0 - 0.200 ms
[31/May/2024:14:10:35 +0000] GET /v1/project/6 304 - - 5.011 ms
[31/May/2024:14:10:35 +0000] OPTIONS /v1/task 200 0 - 0.206 ms
[31/May/2024:14:10:35 +0000] GET /v1/task 304 - - 5.587 ms
[31/May/2024:14:10:41 +0000] OPTIONS /v1/project/6 200 0 - 0.232 ms
[31/May/2024:14:10:41 +0000] GET /v1/project/6 304 - - 3.877 ms
[31/May/2024:14:10:41 +0000] OPTIONS /v1/task 200 0 - 0.210 ms
[31/May/2024:14:10:41 +0000] GET /v1/task 304 - - 4.884 ms
[31/May/2024:14:10:54 +0000] OPTIONS /v1/project 200 0 - 0.329 ms
[31/May/2024:14:10:54 +0000] GET /v1/project 304 - - 16.219 ms
[31/May/2024:14:10:55 +0000] OPTIONS /v1/task 200 0 - 0.245 ms
[31/May/2024:14:10:55 +0000] GET /v1/task 304 - - 6.137 ms
[31/May/2024:14:10:58 +0000] GET /v1/task 304 - - 6.087 ms
[31/May/2024:14:11:07 +0000] OPTIONS /v1/project 200 0 - 0.190 ms
[31/May/2024:14:11:07 +0000] GET /v1/project 304 - - 8.778 ms
[31/May/2024:14:13:15 +0000] OPTIONS /v1/project 200 0 - 0.235 ms
[31/May/2024:14:13:15 +0000] GET /v1/project 304 - - 46.247 ms
[31/May/2024:14:13:44 +0000] OPTIONS /v1/project 200 0 - 0.219 ms
[31/May/2024:14:13:45 +0000] GET /v1/project 304 - - 14.499 ms
[31/May/2024:14:13:52 +0000] OPTIONS /v1/project/1 200 0 - 0.256 ms
[31/May/2024:14:13:52 +0000] GET /v1/project/1 200 - - 6.319 ms
[31/May/2024:14:13:52 +0000] OPTIONS /v1/task 200 0 - 0.192 ms
[31/May/2024:14:13:52 +0000] GET /v1/task 304 - - 5.407 ms
[31/May/2024:14:14:35 +0000] OPTIONS /v1/project/1 200 0 - 0.206 ms
[31/May/2024:14:14:35 +0000] GET /v1/project/1 304 - - 7.252 ms
[31/May/2024:14:14:35 +0000] OPTIONS /v1/task 200 0 - 0.210 ms
[31/May/2024:14:14:35 +0000] GET /v1/task 304 - - 5.404 ms
[31/May/2024:14:14:37 +0000] GET /v1/project/1 304 - - 3.792 ms
[31/May/2024:14:14:37 +0000] GET /v1/task 304 - - 5.361 ms
[31/May/2024:14:14:45 +0000] OPTIONS /v1/project/1 200 0 - 0.186 ms
[31/May/2024:14:14:45 +0000] GET /v1/project/1 304 - - 4.707 ms
[31/May/2024:14:14:45 +0000] OPTIONS /v1/task 200 0 - 0.204 ms
[31/May/2024:14:14:45 +0000] GET /v1/task 304 - - 5.337 ms
[31/May/2024:14:15:05 +0000] OPTIONS /v1/project/1 200 0 - 0.190 ms
[31/May/2024:14:15:05 +0000] GET /v1/project/1 304 - - 6.827 ms
[31/May/2024:14:15:36 +0000] OPTIONS /v1/project/1 200 0 - 0.183 ms
[31/May/2024:14:15:36 +0000] GET /v1/project/1 304 - - 9.694 ms
[31/May/2024:14:15:36 +0000] OPTIONS /v1/task 200 0 - 0.197 ms
[31/May/2024:14:15:36 +0000] GET /v1/task 304 - - 5.693 ms
[31/May/2024:14:16:00 +0000] OPTIONS /v1/project/1 200 0 - 0.258 ms
[31/May/2024:14:16:00 +0000] GET /v1/project/1 304 - - 7.271 ms
[31/May/2024:14:16:00 +0000] OPTIONS /v1/task 200 0 - 0.213 ms
[31/May/2024:14:16:00 +0000] GET /v1/task 304 - - 6.426 ms
[31/May/2024:14:16:03 +0000] GET /v1/project/1 304 - - 4.114 ms
[31/May/2024:14:16:03 +0000] GET /v1/task 304 - - 5.380 ms
[31/May/2024:14:16:07 +0000] OPTIONS /v1/project/1 200 0 - 0.188 ms
[31/May/2024:14:16:07 +0000] GET /v1/project/1 304 - - 5.498 ms
[31/May/2024:14:16:07 +0000] OPTIONS /v1/task 200 0 - 0.200 ms
[31/May/2024:14:16:07 +0000] GET /v1/task 304 - - 6.254 ms
[31/May/2024:14:16:12 +0000] GET /v1/project/1 304 - - 5.586 ms
[31/May/2024:14:16:12 +0000] GET /v1/task 304 - - 5.749 ms
[31/May/2024:14:16:18 +0000] OPTIONS /v1/project/1 200 0 - 0.344 ms
[31/May/2024:14:16:18 +0000] PUT /v1/project/1 200 - - 17.334 ms
[31/May/2024:14:16:18 +0000] OPTIONS /v1/project 200 0 - 0.199 ms
[31/May/2024:14:16:18 +0000] GET /v1/project 200 - - 11.551 ms
[31/May/2024:14:16:29 +0000] OPTIONS /v1/project/60 200 0 - 0.246 ms
[31/May/2024:14:16:29 +0000] GET /v1/project/60 200 216 - 6.339 ms
[31/May/2024:14:16:29 +0000] OPTIONS /v1/task 200 0 - 0.209 ms
[31/May/2024:14:16:29 +0000] GET /v1/task 304 - - 7.322 ms
[31/May/2024:14:16:35 +0000] OPTIONS /v1/project/60 200 0 - 0.151 ms
[31/May/2024:14:16:35 +0000] PUT /v1/project/60 200 216 - 9.275 ms
[31/May/2024:14:16:35 +0000] OPTIONS /v1/project 200 0 - 0.359 ms
[31/May/2024:14:16:35 +0000] GET /v1/project 200 - - 8.316 ms
[31/May/2024:14:16:40 +0000] OPTIONS /v1/project/60 200 0 - 0.432 ms
[31/May/2024:14:16:40 +0000] GET /v1/project/60 200 216 - 3.662 ms
[31/May/2024:14:16:40 +0000] OPTIONS /v1/task 200 0 - 0.223 ms
[31/May/2024:14:16:40 +0000] GET /v1/task 304 - - 5.144 ms
[31/May/2024:14:16:42 +0000] OPTIONS /v1/project 200 0 - 0.181 ms
[31/May/2024:14:16:42 +0000] GET /v1/project 304 - - 9.340 ms
[31/May/2024:14:16:45 +0000] OPTIONS /v1/task 200 0 - 0.234 ms
[31/May/2024:14:16:45 +0000] GET /v1/task 304 - - 6.897 ms
[31/May/2024:14:16:55 +0000] OPTIONS /v1/project 200 0 - 0.211 ms
[31/May/2024:14:16:55 +0000] POST /v1/project 200 191 - 7.262 ms
[31/May/2024:14:16:55 +0000] GET /v1/project 200 - - 10.260 ms
[31/May/2024:14:24:19 +0000] OPTIONS /v1/project 200 0 - 0.254 ms
[31/May/2024:14:24:19 +0000] GET /v1/project 304 - - 16.458 ms
[31/May/2024:14:24:24 +0000] OPTIONS /v1/project/21 200 0 - 0.473 ms
[31/May/2024:14:24:24 +0000] GET /v1/project/21 200 219 - 3.359 ms
[31/May/2024:14:24:24 +0000] OPTIONS /v1/task 200 0 - 0.229 ms
[31/May/2024:14:24:24 +0000] GET /v1/task 304 - - 4.685 ms
[31/May/2024:14:27:19 +0000] OPTIONS /v1/project/21 200 0 - 0.222 ms
[31/May/2024:14:27:19 +0000] GET /v1/project/21 304 - - 8.201 ms
[31/May/2024:14:27:19 +0000] OPTIONS /v1/task 200 0 - 0.167 ms
[31/May/2024:14:27:19 +0000] GET /v1/task 304 - - 7.028 ms
[31/May/2024:14:27:37 +0000] OPTIONS /v1/project/21 200 0 - 0.203 ms
[31/May/2024:14:27:37 +0000] GET /v1/project/21 304 - - 9.233 ms
[31/May/2024:14:27:37 +0000] OPTIONS /v1/task 200 0 - 0.269 ms
[31/May/2024:14:27:37 +0000] GET /v1/task 304 - - 6.322 ms
[31/May/2024:14:27:39 +0000] PUT /v1/project/21 200 219 - 9.136 ms
[31/May/2024:14:27:39 +0000] OPTIONS /v1/project 200 0 - 0.184 ms
[31/May/2024:14:27:39 +0000] GET /v1/project 200 - - 8.349 ms
[31/May/2024:14:29:19 +0000] OPTIONS /v1/project 200 0 - 0.226 ms
[31/May/2024:14:29:19 +0000] GET /v1/project 304 - - 14.034 ms
[31/May/2024:14:29:38 +0000] OPTIONS /v1/project 200 0 - 0.222 ms
[31/May/2024:14:29:38 +0000] GET /v1/project 304 - - 14.560 ms
[31/May/2024:14:30:29 +0000] OPTIONS /v1/project 200 0 - 0.233 ms
[31/May/2024:14:30:29 +0000] GET /v1/project 304 - - 13.171 ms
[31/May/2024:14:30:32 +0000] GET /v1/project 304 - - 12.037 ms
[31/May/2024:14:31:54 +0000] OPTIONS /v1/project 200 0 - 0.228 ms
[31/May/2024:14:31:54 +0000] GET /v1/project 304 - - 17.912 ms
[31/May/2024:14:31:57 +0000] GET /v1/project 304 - - 12.235 ms
[31/May/2024:14:32:13 +0000] OPTIONS /v1/project 200 0 - 0.215 ms
[31/May/2024:14:32:13 +0000] GET /v1/project 304 - - 14.300 ms
[31/May/2024:14:33:35 +0000] OPTIONS /v1/project 200 0 - 0.215 ms
[31/May/2024:14:33:35 +0000] GET /v1/project 304 - - 14.271 ms
[31/May/2024:14:38:31 +0000] OPTIONS /v1/project/1 200 0 - 0.288 ms
[31/May/2024:14:38:31 +0000] GET /v1/project/1 200 - - 10.120 ms
[31/May/2024:14:38:31 +0000] OPTIONS /v1/task 200 0 - 0.215 ms
[31/May/2024:14:38:31 +0000] GET /v1/task 304 - - 5.717 ms
[31/May/2024:14:39:03 +0000] OPTIONS /v1/project/1 200 0 - 0.208 ms
[31/May/2024:14:39:03 +0000] GET /v1/project/1 304 - - 8.147 ms
[31/May/2024:14:39:03 +0000] OPTIONS /v1/task 200 0 - 0.221 ms
[31/May/2024:14:39:03 +0000] GET /v1/task 304 - - 5.438 ms
[31/May/2024:14:40:01 +0000] OPTIONS /v1/project/1 200 0 - 0.304 ms
[31/May/2024:14:40:01 +0000] GET /v1/project/1 304 - - 6.672 ms
[31/May/2024:14:40:01 +0000] OPTIONS /v1/task 200 0 - 0.199 ms
[31/May/2024:14:40:01 +0000] GET /v1/task 304 - - 7.232 ms
[31/May/2024:14:42:09 +0000] OPTIONS /v1/project/1 200 0 - 0.224 ms
[31/May/2024:14:42:09 +0000] GET /v1/project/1 304 - - 7.252 ms
[31/May/2024:14:42:09 +0000] OPTIONS /v1/task 200 0 - 0.193 ms
[31/May/2024:14:42:09 +0000] GET /v1/task 304 - - 5.204 ms
[31/May/2024:14:42:16 +0000] OPTIONS /v1/project/1 200 0 - 0.207 ms
[31/May/2024:14:42:16 +0000] GET /v1/project/1 304 - - 4.080 ms
[31/May/2024:14:42:16 +0000] OPTIONS /v1/task 200 0 - 0.184 ms
[31/May/2024:14:42:16 +0000] GET /v1/task 304 - - 6.640 ms
[31/May/2024:14:42:27 +0000] OPTIONS /v1/project/1 200 0 - 0.207 ms
[31/May/2024:14:42:27 +0000] GET /v1/project/1 304 - - 7.044 ms
[31/May/2024:14:42:27 +0000] OPTIONS /v1/task 200 0 - 0.207 ms
[31/May/2024:14:42:27 +0000] GET /v1/task 304 - - 5.413 ms
[31/May/2024:14:42:34 +0000] OPTIONS /v1/project 200 0 - 0.195 ms
[31/May/2024:14:42:34 +0000] GET /v1/project 304 - - 8.093 ms
[31/May/2024:14:42:36 +0000] OPTIONS /v1/project/6 200 0 - 0.243 ms
[31/May/2024:14:42:36 +0000] GET /v1/project/6 304 - - 3.768 ms
[31/May/2024:14:42:36 +0000] OPTIONS /v1/task 200 0 - 0.213 ms
[31/May/2024:14:42:36 +0000] GET /v1/task 304 - - 4.160 ms
[31/May/2024:14:43:19 +0000] OPTIONS /v1/project/6 200 0 - 0.191 ms
[31/May/2024:14:43:19 +0000] GET /v1/project/6 304 - - 7.251 ms
[31/May/2024:14:43:19 +0000] OPTIONS /v1/task 200 0 - 0.190 ms
[31/May/2024:14:43:19 +0000] GET /v1/task 304 - - 6.369 ms
[31/May/2024:14:43:23 +0000] GET /v1/project/6 304 - - 3.541 ms
[31/May/2024:14:43:23 +0000] GET /v1/task 304 - - 5.374 ms
[31/May/2024:14:43:26 +0000] OPTIONS /v1/project/6 200 0 - 0.176 ms
[31/May/2024:14:43:26 +0000] PUT /v1/project/6 200 479 - 10.412 ms
[31/May/2024:14:43:26 +0000] OPTIONS /v1/project 200 0 - 0.227 ms
[31/May/2024:14:43:26 +0000] GET /v1/project 200 - - 8.949 ms
[31/May/2024:14:43:29 +0000] OPTIONS /v1/project/4 200 0 - 0.346 ms
[31/May/2024:14:43:29 +0000] GET /v1/project/4 304 - - 3.544 ms
[31/May/2024:14:43:29 +0000] OPTIONS /v1/task 200 0 - 0.201 ms
[31/May/2024:14:43:29 +0000] GET /v1/task 304 - - 4.747 ms
[31/May/2024:14:43:31 +0000] PUT /v1/project/4 200 218 - 5.260 ms
[31/May/2024:14:43:31 +0000] GET /v1/project 304 - - 9.027 ms
[31/May/2024:14:44:38 +0000] OPTIONS /v1/project/4 200 0 - 0.223 ms
[31/May/2024:14:44:38 +0000] GET /v1/project/4 200 218 - 7.375 ms
[31/May/2024:14:44:38 +0000] OPTIONS /v1/task 200 0 - 0.219 ms
[31/May/2024:14:44:38 +0000] GET /v1/task 304 - - 5.920 ms
[31/May/2024:14:44:40 +0000] PUT /v1/project/4 200 218 - 4.496 ms
[31/May/2024:14:44:40 +0000] OPTIONS /v1/project 200 0 - 0.211 ms
[31/May/2024:14:44:40 +0000] GET /v1/project 304 - - 7.822 ms
[31/May/2024:14:44:43 +0000] OPTIONS /v1/task 200 0 - 0.230 ms
[31/May/2024:14:44:43 +0000] GET /v1/task 304 - - 5.523 ms
[31/May/2024:14:44:54 +0000] OPTIONS /v1/project 200 0 - 0.211 ms
[31/May/2024:14:44:54 +0000] POST /v1/project 200 193 - 10.559 ms
[31/May/2024:14:44:54 +0000] GET /v1/project 200 - - 14.024 ms
[31/May/2024:14:47:02 +0000] OPTIONS /v1/task 200 0 - 0.221 ms
[31/May/2024:14:47:02 +0000] GET /v1/task 304 - - 9.112 ms
[31/May/2024:14:47:25 +0000] OPTIONS /v1/project 200 0 - 0.198 ms
[31/May/2024:14:47:25 +0000] GET /v1/project 304 - - 11.900 ms
[31/May/2024:14:47:26 +0000] OPTIONS /v1/task 200 0 - 0.219 ms
[31/May/2024:14:47:26 +0000] GET /v1/task 304 - - 6.017 ms
[31/May/2024:14:47:29 +0000] GET /v1/project 304 - - 8.515 ms
[31/May/2024:14:47:32 +0000] OPTIONS /v1/project/1 200 0 - 0.269 ms
[31/May/2024:14:47:32 +0000] GET /v1/project/1 304 - - 5.267 ms
[31/May/2024:14:47:32 +0000] OPTIONS /v1/task 200 0 - 0.201 ms
[31/May/2024:14:47:32 +0000] GET /v1/task 304 - - 5.870 ms
[31/May/2024:14:47:35 +0000] OPTIONS /v1/project 200 0 - 0.212 ms
[31/May/2024:14:47:35 +0000] GET /v1/project 304 - - 9.719 ms
[31/May/2024:14:47:59 +0000] OPTIONS /v1/task 200 0 - 0.212 ms
[31/May/2024:14:47:59 +0000] GET /v1/task 304 - - 8.710 ms
[31/May/2024:15:21:25 +0000] OPTIONS /v1/task 200 0 - 0.256 ms
[31/May/2024:15:21:25 +0000] GET /v1/task 304 - - 9.466 ms
[31/May/2024:15:21:35 +0000] OPTIONS /v1/task 200 0 - 0.214 ms
[31/May/2024:15:21:35 +0000] GET /v1/task 304 - - 5.858 ms
[31/May/2024:15:21:40 +0000] OPTIONS /v1/project 200 0 - 0.204 ms
[31/May/2024:15:21:40 +0000] GET /v1/project 304 - - 9.025 ms
[31/May/2024:15:21:51 +0000] OPTIONS /v1/project/3 200 0 - 0.214 ms
[31/May/2024:15:21:51 +0000] GET /v1/project/3 304 - - 7.905 ms
[31/May/2024:15:21:51 +0000] OPTIONS /v1/task 200 0 - 0.328 ms
[31/May/2024:15:21:51 +0000] GET /v1/task 304 - - 6.739 ms
[31/May/2024:15:21:53 +0000] OPTIONS /v1/project 200 0 - 0.273 ms
[31/May/2024:15:21:53 +0000] GET /v1/project 304 - - 10.030 ms
[31/May/2024:15:23:17 +0000] OPTIONS /v1/project 200 0 - 0.227 ms
[31/May/2024:15:23:17 +0000] GET /v1/project 304 - - 13.788 ms
[31/May/2024:15:23:21 +0000] GET /v1/project 304 - - 20.618 ms
[31/May/2024:15:24:18 +0000] OPTIONS /v1/project 200 0 - 0.194 ms
[31/May/2024:15:24:18 +0000] GET /v1/project 304 - - 9.997 ms
[31/May/2024:15:24:24 +0000] OPTIONS /v1/project 200 0 - 0.217 ms
[31/May/2024:15:24:24 +0000] GET /v1/project 304 - - 7.956 ms
[31/May/2024:15:24:25 +0000] GET /v1/project 304 - - 10.369 ms
[31/May/2024:15:28:57 +0000] GET /v1/project/4 200 218 - 7.660 ms
[31/May/2024:15:29:06 +0000] GET /v1/project/4 304 - - 4.430 ms
[31/May/2024:15:30:49 +0000] GET /v1/project/4 304 - - 7.204 ms
[31/May/2024:15:30:58 +0000] GET /v1/project/4 304 - - 2.613 ms
[31/May/2024:15:31:03 +0000] GET /v1/project/4 304 - - 4.267 ms
[31/May/2024:15:31:08 +0000] GET /v1/project/4 304 - - 3.167 ms
[31/May/2024:15:33:00 +0000] GET /v1/project/4 304 - - 8.530 ms
[31/May/2024:15:34:18 +0000] GET /v1/project/4 304 - - 8.553 ms
[31/May/2024:15:34:53 +0000] GET /v1/project/4 304 - - 14.481 ms
[31/May/2024:15:43:00 +0000] OPTIONS /v1/project 200 0 - 0.267 ms
[31/May/2024:15:43:00 +0000] GET /v1/project 304 - - 13.411 ms
[31/May/2024:15:43:02 +0000] GET /v1/project/1 304 - - 3.267 ms
[31/May/2024:15:46:46 +0000] GET /v1/project/1 304 - - 7.173 ms
[31/May/2024:15:47:22 +0000] GET /v1/project/1 304 - - 8.470 ms
[31/May/2024:15:47:33 +0000] OPTIONS /v1/task/104 200 0 - 0.268 ms
[31/May/2024:15:47:33 +0000] DELETE /v1/task/104 200 10 - 15.901 ms
[31/May/2024:15:47:38 +0000] OPTIONS /v1/project 200 0 - 0.197 ms
[31/May/2024:15:47:38 +0000] GET /v1/project 200 - - 9.418 ms
[31/May/2024:15:47:43 +0000] OPTIONS /v1/project/2 200 0 - 0.211 ms
[31/May/2024:15:47:43 +0000] GET /v1/project/2 200 570 - 4.361 ms
[31/May/2024:15:47:43 +0000] OPTIONS /v1/task 200 0 - 0.230 ms
[31/May/2024:15:47:43 +0000] GET /v1/task 200 - - 5.375 ms
[31/May/2024:15:47:46 +0000] PUT /v1/project/2 200 492 - 14.688 ms
[31/May/2024:15:47:46 +0000] OPTIONS /v1/project 200 0 - 0.256 ms
[31/May/2024:15:47:46 +0000] GET /v1/project 200 - - 7.155 ms
[31/May/2024:15:47:50 +0000] GET /v1/project/2 200 570 - 3.609 ms
[31/May/2024:15:49:25 +0000] GET /v1/project/2 304 - - 8.377 ms
[31/May/2024:15:50:32 +0000] GET /v1/project/2 304 - - 7.087 ms
[31/May/2024:15:50:38 +0000] GET /v1/project/2 304 - - 3.345 ms
[31/May/2024:15:52:14 +0000] GET /v1/project/2 200 570 - 8.006 ms
